18 48 1024 6202 8637 3666 6985 1352 8695 1098 8851 1561 2601 1396 4843 1783 1034 2016 4468
8 84 7891 5285 7442 8071 280 6977 9957
12 88 1332 2963 4867 9104 1111 881 6657 3086 2438 4730 6264
17 187 4873 8715 9144 5212 3594 6023 2771 4792 5008 4113 9882 9584 5329 2037 7701 5226
19 303 7993 1363 5621 8530 5453 3477 6639 6805 5087 3624 3425 2141 4343 3039 2710 8242 6318 1262
20 474 4706 9255 2216 3420 4205 8228 7216 7445 4965 2264 7866 5278 6888 5385 6083 2956 997 6803 4419
16 568 627 1010 5712 7152 617 4326 1325 4147 2366 880 6462 9533 8873 9510 2712
17 677 3697 1100 3263 1500 6356 7092 2984 2790 5099 5062 3967 9407 5976 2756 322 600
9 719 4109 9242 1509 3532 1101 23 3356 4614
12 837 5808 9267 8816 1963 6526 4366 3165 2330 6610 5537 217
12 1066 7188 166 6765 4003 986 2404 9186 2513 1882 5849 7153
16 1178 3129 7411 7315 7715 7207 1096 9420 7164 4128 5139 8524 2062 1727 3961 7362
16 1209 6502 2523 439 9164 1106 1215 2394 7113 408 8366 8590 2443 4442 8863 223
22 1315 7114 9320 7446 5620 9116 6402 8273 300 5382 509 4209 1012 2863 5083 6629 1649 4535 3660 3873 4517 6906
18 1335 658 6239 3875 2992 2754 3194 7642 4270 7971 5610 5208 736 7645 8576 5925 1932 4745
12 1515 3826 8328 9382 656 1245 9546 4664 1521 7984 4796 5870
19 1543 7612 8548 1518 8093 2000 2105 907 2797 2966 1282 4856 2 3977 8031 3009 1682 1493 2365
6 1560 7948 7187 7016 7137 1502
13 1757 2233 5049 318 4029 708 64 1246 3854 1525 9269 1094 5175
22 1900 7435 6068 8588 483 381 5674 7745 6374 6237 6579 7873 2648 9208 2229 8627 7148 7651 4942 1314 4647 5478
10 1992 4428 5954 9483 6178 17 4993 1450 9363 6811
16 2009 1013 8902 4202 9135 7239 3648 3469 819 6235 1394 1402 3487 4265 8390 7958
20 2135 789 720 6645 8795 422 1346 6283 3646 5910 9482 7920 3308 1946 4272 3625 6122 1918 9175 9423
15 2356 3311 3821 854 66 2160 1494 9070 8413 3173 8807 4669 2740 4489 3824
9 2432 1883 5698 8338 5957 3453 657 8303 3163
16 2519 5971 892 3830 3921 2663 6618 2505 5782 2874 8450 3121 4330 1395 7560 1956
13 2571 1414 9401 8835 3614 9440 2479 5411 9784 594 186 4461 3577
9 2581 3966 3372 6181 1756 8344 8881 8842 9572
16 2695 4885 2455 5955 8791 4645 9392 1985 7907 7691 8182 4539 6165 7879 2231 1140
18 2920 7293 9306 2649 2442 2653 1189 461 4638 4939 8904 2526 889 9142 2684 2721 5271 2500
17 2949 9935 1002 2776 8164 979 6909 7167 1638 2835 3534 9337 1953 3495 6608 3682 139
11 3156 3409 1142 9575 6825 7282 2924 8667 5608 8788 5167
20 3253 5858 2690 4782 4914 8367 3958 2802 4477 8782 7770 3851 1466 6389 8916 8431 9278 7999 6829 1889
14 3580 2942 2642 7554 1729 8034 6261 1565 3685 5323 3225 1767 1469 7377
12 3629 3294 6053 4011 3901 8140 1031 4388 5904 7331 5722 5747
15 3696 409 9458 2395 8644 8373 3597 4378 9758 3251 1468 8025 5597 7820 2494
19 3869 1609 9556 9297 4629 7203 7118 867 2921 8051 6140 7149 7935 8492 1236 7321 5220 539 5522
14 4008 3708 895 5452 6218 8857 9221 4533 7791 5992 2854 22 5778 9548
21 4078 8262 5890 9105 4602 6729 9276 1443 7697 7724 3044 7998 4014 936 9150 4044 5061 1753 4898 8438 9725
19 4094 1447 8277 2973 1550 9450 6076 7096 106 5564 7822 4224 4087 5794 3323 9798 6948 2256 2582
17 4309 6654 6004 1986 1201 1913 552 6274 6902 4236 4773 4125 3959 5715 7298 1850 6517
19 4377 6139 1674 6711 1628 1627 6927 3169 2652 4584 4689 4453 3574 9247 2400 4997 694 7397 7419
13 4435 7471 6669 8146 7444 1309 6231 2437 3045 7860 3142 28 1941
13 4525 6912 5240 3373 3798 4302 8662 2841 6064 2633 613 2793 1654
11 4839 1194 4665 4115 9738 7284 1891 1471 8304 9704 3013
16 5018 7711 8370 1206 3970 8075 5941 9667 5188 9513 8334 9136 6774 3796 1827 8336
10 5137 3188 2320 1942 249 4722 5582 2844 3072 5071
20 5299 9090 9813 4225 497 146 7191 8300 967 9623 9823 2104 7647 9994 6926 8745 5484 5019 3628 6560
10 5335 8787 6377 6172 8545 279 5565 7454 6923 1853
17 5440 8630 7319 1260 2982 9410 8094 6476 3843 3507 3592 8268 8516 4770 2325 1229 3700
14 5868 6849 8224 5566 4869 922 1319 4924 6908 1832 6655 7505 545 1824
13 5970 7186 5710 9286 7172 2333 5433 4070 1960 6897 5552 1538 3374
18 6002 3333 8447 199 982 529 5124 3203 6930 9089 7381 9362 4711 4235 8601 4459 7782 7800
10 6031 3291 8827 3672 3292 8621 6505 4173 3738 441
8 6252 1955 709 4588 8926 5908 4874 4925
11 6403 493 7171 4331 5603 7103 5123 8620 8793 2501 2939
18 6412 3640 4794 6718 2856 8059 2033 853 3524 4441 8610 4937 6769 4851 8917 4947 8061 154
19 6466 1227 3329 7249 6550 5678 4990 2240 2260 7562 716 938 4772 4055 7807 8591 1551 1035 9422
18 6670 2166 3317 1233 9190 6638 5815 5426 7498 5878 9038 6292 9783 7237 4251 3016 6006 9400
12 6783 8149 1778 1886 9844 8815 235 5172 4093 742 8283 9933
18 7005 9402 481 6475 3414 7847 9159 9133 7014 6674 6883 5804 2390 6861 9460 2364 3413 8294
9 7013 6742 4406 133 8646 7132 9880 7497 8015
15 7109 6875 751 9897 8506 4907 8193 1861 67 592 1714 4632 385 2789 7330
13 7270 4980 9539 8062 8266 833 890 947 8688 9043 8933 7195 3389
14 7399 9985 6547 1968 2173 1896 865 9192 6684 7462 9843 2144 1976 7206
21 7463 9166 2293 4299 4657 4659 5050 2930 9570 6716 2415 1048 987 6921 7384 6452 517 512 6008 996 8362
12 7475 6662 4467 9710 3751 2931 4487 2546 7718 8115 6697 8039
18 7928 1323 3334 6000 2323 5409 9604 2314 2115 1393 5289 4821 2670 7650 5292 9774 2348 180
18 7956 2536 4661 1240 6293 8176 6491 6932 1417 365 5134 692 3573 2837 537 9661 3912 3448
15 7965 9733 9595 4154 6352 3615 5135 9134 5695 3952 9346 6726 9930 1171 8887
18 8175 2324 3976 7255 3783 6966 380 6081 8809 5211 6857 5442 5929 4198 1065 2398 619 6947
11 8292 8290 3991 7323 9064 241 3215 9809 6094 1376 4232
13 8310 4877 7779 348 3862 4832 4566 6821 776 3150 356 9862 2485
21 8640 3596 277 135 2934 3026 992 7916 560 8998 2547 2206 536 4085 9754 5389 4312 686 5577 50 4036
13 8773 802 1643 2065 7654 2082 1255 2154 695 6444 2129 8010 7061
14 9256 4184 5642 9127 177 9964 4971 4559 893 9541 6862 2142 6504 5687
14 9313 2297 4656 4031 7794 163 1924 3556 6085 5786 3808 8532 8432 4360
13 9393 2424 2422 8448 7787 1693 9923 7256 6744 2023 924 4688 4941
11 9504 1667 912 9139 4136 8997 3299 4188 9442 8763 9686
19 9707 1384 6206 4207 5303 4318 6270 7344 6962 1117 8928 7987 9240 6708 2935 8872 9213 174 3076
19 9913 2143 6141 2551 3775 2602 2108 3228 9701 1944 3750 3924 2063 4290 103 7217 7520 8512 5738
17 2465 7455 4200 7465 7085 1863 2981 629 2107 1045 8746 5201 3070 8764 6810 9231 1322
7 9976 1170 3430 306 8033 4712 6543
8 4379 2714 1208 6719 8111 7529 5805 500
16 3607 3276 9503 448 5593 1441 9424 4498 8312 6301 4608 6488 1988 1235 6387 8473
18 5497 6529 5466 7666 8614 8155 6896 8860 9027 3146 5619 5256 7389 7763 4523 7125 6763 2451
20 9847 2738 9274 5757 2056 4101 8504 7448 930 2810 7805 2122 1188 2089 9779 4825 3139 6975 3919 7741
17 8878 1251 2181 2434 7777 990 1412 6460 5700 4824 8721 1308 1307 1154 5986 3455 7071
20 9752 1228 608 2605 9634 4493 6346 7558 711 7370 9074 862 9474 8960 2631 232 8166 1286 9275 4262
13 2735 2296 3572 2904 2112 6886 5853 1311 9249 7806 1690 7179 8821
12 9084 3608 6336 8491 1871 6713 688 909 5309 7531 3237 2186
17 7429 3005 4935 5829 9179 8615 5238 6331 230 7894 2882 8974 4569 3159 3747 7076 4345
9 7657 4583 6756 1994 9289 4764 4099 6544 8903
15 4090 3990 7975 6922 2916 2600 4615 5701 8970 459 8956 2541 9351 8258 2936
15 3442 1803 378 7197 516 3231 4426 2599 2850 9727 8250 4663 3152 7385 6801
22 5693 7230 7648 7870 1792 1175 8035 5579 9075 4227 1779 5998 5959 6641 2909 1420 1741 357 9939 1357 2611 7773
19 672 6794 4575 7574 98 2731 9209 46 7933 3657 8316 4282 6211 2722 2859 1130 7192 5520 1486
16 6822 5727 6304 2399 4016 2577 161 3205 7778 7931 7222 5909 9114 8616 4429 2486
16 4494 5875 9806 6128 1460 7922 645 7342 7761 3429 7516 402 9300 7796 8571 7646
19 549 5491 3068 4088 4953 1232 1152 7941 5298 6156 9980 1392 2901 582 5314 8725 9403 3939 2254
20 9619 7287 1421 2036 3663 8259 1745 5803 2290 599 7924 3570 8534 8650 1814 8833 2017 2190 7417 6755
12 1305 8783 7677 6420 8747 8368 1079 6643 1143 929 5919 2430
17 9563 9920 3490 6703 7692 8642 1250 7808 3981 4244 6751 65 3610 6953 6167 6339 4469
17 6263 3249 2711 428 782 6173 9742 4398 5632 9837 7872 9298 1897 3277 6830 3841 5705
8 5192 8557 368 1613 8743 6619 9421 8563
8 3055 1406 7406 3066 8940 233 5903 556
9 1097 8489 7804 7693 8470 238 3235 3567 7753
18 4601 9820 4455 9045 5347 6438 4854 9889 4724 147 799 8150 680 1513 7100 5396 6530 4631
16 9003 567 8892 615 9795 7211 3082 9564 7309 7274 542 9911 6134 9968 3341 2834
10 2247 8158 2074 3565 1835 8973 1110 6121 7075 7368
16 2015 4233 6575 6024 3513 2884 4834 193 9849 7940 1029 283 4407 149 4915 9389
15 4742 4536 2915 8434 6856 9712 8037 3669 462 7573 2958 7857 7231 8253 4025
20 700 3579 2957 1655 4613 8110 1553 9952 6344 7564 2989 3799 2272 8007 3645 5180 9163 2994 4135 4097
21 423 6656 9691 7430 4973 1647 1676 3746 5915 523 7078 2977 5041 5583 5464 2268 1905 8284 7583 7619 748
15 8518 3147 9524 8257 9526 3905 3757 6519 7672 5694 3748 6137 1382 6734 8077
21 1273 6404 3461 168 3554 4957 4035 5690 7730 4130 4045 425 7817 3752 8547 1876 7090 7286 3359 1444 3503
16 8731 1438 3773 4064 7662 4007 9232 3133 352 550 196 4964 614 1982 3813 6174
14 6689 5027 7346 4024 1531 1598 4086 793 8212 4279 6970 495 9978 974
9 8890 5107 5039 5143 5640 863 4237 8143 1750
11 9514 2603 8774 975 7226 4940 3721 3530 9272 1855 8314
20 2720 7810 7585 4153 4250 8042 9037 9645 6062 1644 5033 1179 2025 319 7689 1071 6692 6612 5157 9293
12 7861 666 9464 9288 4206 9438 7488 576 4033 5391 183 2785
22 3090 7140 5500 3073 8856 1430 6871 8694 4328 3621 1930 3584 6775 9361 4777 7220 3065 4547 3300 5274 2279 8584
9 713 5991 4300 6312 9716 9428 4323 5080 7720
18 7936 8978 2585 5952 1721 2842 7361 4062 3765 6451 3963 5473 9022 7062 6863 4881 8068 2274
10 6277 8029 7347 127 6562 5901 9479 7757 728 2099
9 203 7382 384 9490 77 2358 2943 3707 9958
16 5934 7687 2230 7876 665 5503 7682 7555 3155 7501 5527 8460 6495 1132 3630 8829
16 6901 7398 457 2167 6652 531 4593 9561 5260 5567 7366 350 2051 2595 7788 4810
8 6815 5218 5517 3411 9954 8237 5168 5217
12 7070 8932 4084 8285 5601 9617 3729 8562 1277 4970 940 1351
10 4679 206 4034 7457 9912 3731 2893 1695 5810 1485
16 5445 3918 1697 7000 8681 2952 9737 5193 4163 9106 7712 3127 4012 4365 3351 4420
8 1105 8786 475 9842 6213 369 4528 7990
20 2883 3236 7768 3108 6498 2741 2613 3364 3785 2969 5021 6681 5373 575 4075 7819 9480 9739 8335 2242
22 3817 8213 9191 47 2245 1684 5656 3802 2126 4356 9641 6393 3278 6642 2808 5122 3392 8817 8669 8969 7354 3920
10 9305 4984 530 7580 1503 3936 6727 9355 2461 4258
11 4059 477 8203 6942 8192 1391 4988 2213 173 2284 8317
15 1138 8711 4291 4776 9553 1271 2417 7918 683 366 3027 3406 1116 6539 9233
8 5324 3655 7927 6029 6503 3119 1880 5958
19 1867 1492 9316 3833 4409 9537 2979 175 7515 8407 9370 7726 6571 7266 5911 8961 6325 801 1671
19 4758 1637 661 6245 849 7245 2076 3227 1872 7493 4981 1771 3714 928 3053 9821 9244 6117 6030
9 311 2566 1146 6056 274 733 3399 6776 2995
14 6381 9864 119 5043 1422 5792 8664 7267 8661 7507 809 7582 7551 9181
19 2917 7156 4194 655 6749 6454 2781 5866 3098 8245 4293 7900 8883 3282 5470 5184 4218 5183 3844
18 6706 8736 1588 3105 1777 7494 7162 1169 3839 934 2192 6898 624 5999 1702 4168 9148 7556
19 7957 8024 2401 2440 9871 6615 1587 8118 2578 2753 6630 6041 7120 1840 255 6353 8750 693 1672
9 769 9046 513 6409 2635 9681 8306 9015 5963
21 519 7709 4170 9890 9654 2140 8609 7636 1846 189 9639 4019 8017 3428 8649 7570 8264 3233 8197 8060 1606
14 5717 6884 6327 5511 8955 6537 4966 578 3735 1568 7341 3267 2715 5444
18 4071 3197 6164 498 1 3345 8585 9496 5064 7926 4340 5651 4190 7734 6061 5728 4739 9425
17 606 7064 3849 6360 1508 1910 7534 4327 6593 8953 9328 538 9230 1411 7340 6854 9049
13 8708 3527 7792 8410 5158 4595 5557 3258 8801 1292 9433 2758 701
15 3549 9405 9495 3544 7380 2654 7503 1504 9324 7142 7363 4368 9697 5000 3387
12 7499 4475 9666 4875 5668 5352 3102 4756 6659 3754 2346 6105
17 1776 7329 1054 8823 4587 1046 4605 1523 2388 5526 8500 7609 8293 5664 5284 8673 6855
14 3307 6745 57 5088 7643 2220 7592 1692 9167 586 918 9542 2768 1974
7 8477 6485 8967 9222 6874 4578 5326
7 6663 2589 5480 4944 4919 1253 8471
20 5235 6189 8979 7637 6186 4028 2997 6078 2406 5310 9478 2630 8918 7502 9722 3123 3011 5512 7635 7124
14 5300 7028 5006 1908 6771 8187 4749 8190 6672 6907 4072 9574 7147 2996
19 9409 3245 7224 3083 640 4806 5267 1762 9684 156 9284 3691 7680 8218 5880 2978 8539 7285 2093
14 8950 8739 9744 7193 6222 643 3466 2086 2375 3077 9444 589 7605 1965
9 3167 3651 3368 4733 4065 5553 774 2991 253
11 563 2780 8272 3909 8952 5708 9321 3877 9706 2308 155
13 9679 1838 7117 9944 4703 32 3701 169 3760 7967 2068 370 7839
12 768 5060 9636 1685 415 91 2128 2875 8023 7949 1911 492
12 5860 8965 6601 275 4266 2713 6920 6581 3973 414 6813 8526
17 8758 3024 4137 611 5344 6082 6367 9238 8446 1448 6138 1328 4692 515 5350 3982 8252
5 8670 5917 5026 9418 4694
6 6916 8227 691 7403 3551 1289
20 9888 3049 7428 3512 2639 5422 3338 5951 715 2948 7221 9379 9800 7483 1275 293 214 1567 1572 8676
15 6807 6150 3541 211 494 5009 1051 6103 9229 754 946 5689 7798 7653 9946
11 2316 190 4112 9586 5156 7684 6067 8935 6891 8813 9435
8 2061 3358 952 216 3256 5548 1786 5979
18 5086 7864 6741 9628 9254 3319 3879 6480 5374 2343 8339 4690 561 8108 2175 4746 5625 9153
11 4058 2079 8462 1830 3840 8173 3759 8968 8400 7418 9740
16 4618 3546 3891 5920 8772 7438 1256 5679 6885 2645 7065 6146 7046 8513 6483 5655
10 7929 7129 9965 9252 7679 7610 1772 1296 8381 676
15 7561 6457 209 9769 9314 3232 6784 4415 6677 4734 9983 2345 304 744 943
7 7401 9649 5983 1458 8009 8129 3178
9 2384 7710 1464 8289 800 6609 9848 3242 6754
17 4855 19 2520 4761 511 9341 85 3181 3675 9516 2374 8148 6722 2498 6820 6682 2887
20 273 5227 2742 2717 9576 8984 8510 5709 1203 6839 7755 5073 3894 639 8475 958 7353 2087 3553 8006
16 6831 1113 1959 6425 2927 908 8263 8103 1541 6864 7865 9534 9767 7101 2414 5763
14 9325 6135 4196 7867 5012 4585 671 6762 7576 485 2565 6238 7021 7047
6 3444 696 2975 9927 3782 3376
22 5769 1407 1489 4502 5182 3842 2077 823 4880 3418 7169 6098 6161 6905 8109 7194 8345 5730 5243 4903 5561 1885
7 9140 7180 1121 7602 4705 3539 9998
13 4948 6168 2881 1491 9018 5799 772 5994 3829 2467 310 7007 7327
16 8703 7108 4141 396 8296 8244 2228 4718 1921 9498 2960 9185 3078 9162 5675 6509
19 117 817 4910 4686 9557 1324 7278 2543 5967 2548 8225 2332 5340 3902 3052 1597 1770 8738 9350
17 7913 6804 7034 3732 9262 704 9263 9928 508 2612 1264 5306 5353 2580 6513 1670 6249
17 6695 5615 5369 5699 4020 3789 92 4123 2275 7037 4068 3295 2694 3999 5872 684 9868
10 7040 1512 6410 6413 313 8151 9763 9785 9863 2528
20 3855 3257 6296 4246 1272 9477 9273 1062 6587 9612 6416 6699 6880 4582 5249 9571 4259 4369 9835 1789
19 3371 109 3989 5777 6818 3047 9100 9858 9975 1595 9264 1790 7392 1967 7178 4992 3979 6142 7072
21 8329 1773 1995 956 7690 3270 6584 5241 9177 9101 3099 8686 3499 6379 4314 7624 3776 5734 4567 9395 5921
19 9675 739 3865 9640 9071 102 4930 5279 1660 9789 5250 3550 6982 6436 6187 5733 3234 6777 227
13 6198 4693 7638 1326 3051 6196 6280 2291 7629 9632 8895 4329 3010
16 9449 6455 5228 7816 7150 9082 8159 6793 490 8383 90 9955 1519 6565 3352 4165
11 4307 3540 9602 1904 9657 3993 7135 7633 6197 7122 242
15 375 7320 5295 1755 5830 1081 5160 7081 137 4470 9358 8986 8199 8567 6027
8 1040 7116 3362 4017 9592 7594 4317 4950
17 222 1605 3601 839 7934 5287 7387 7275 4046 8416 8760 5317 5587 1145 7914 8992 8442
11 1005 6123 200 3200 172 5234 1474 9481 2866 2021 3088
15 9550 5282 81 7812 7764 9611 3498 3031 779 2729 6799 1387 7106 9335 288
18 3555 7020 2657 989 9743 8445 4639 4872 9408 4775 8533 8160 10 1123 3635 7351 8141 6149
9 1135 6446 9299 6824 5262 1047 4335 1463 2354
13 3578 7086 8220 2525 1433 6696 1337 2159 4912 4382 6204 1057 6490
13 5424 8458 1524 3193 2355 4074 9508 9029 3447 3856 5575 7723 7848
12 4894 5387 8274 7557 4704 7477 4400 4819 5001 2359 9333 1555
6 920 7889 7355 6132 4301 8549
20 9799 1784 4635 3717 6903 7628 1733 5724 7762 4397 9729 9441 3509 9790 7842 6366 7790 4067 3438 9594
12 2559 7198 2118 1997 7337 3818 7019 4006 4628 1266 5943 9674
19 6541 2748 150 2132 8421 1369 2527 9028 9031 6386 2938 3135 9270 4660 9902 2719 7313 9683 9688
20 961 8302 245 9926 3915 6739 9610 4403 3439 377 5933 2607 5305 5864 2205 8437 4316 72 8281 2215
21 372 9406 5189 4720 5756 5263 7912 5457 514 8631 6757 6925 9303 4394 5658 1041 1796 2950 8569 682 1011
19 7952 2357 2147 8766 8128 6182 4786 2661 1768 4623 1820 2057 2804 4358 678 6038 8958 456 4322
11 3654 2570 8550 501 4357 3182 6415 6873 2777 3395 3353
13 24 5213 965 8803 4652 2919 2817 8719 5386 2762 5166 6859 9616
17 2869 2641 9627 4482 7190 8112 292 1453 3062 2270 121 8239 6036 7620 3661 7506 4801
18 8962 9463 3017 4405 6380 5713 9151 1943 7176 1603 9607 4893 6363 6396 3613 9886 5360 2462
14 4637 3148 5089 5120 3114 8236 9678 9364 8996 9054 6157 3992 7972 5739
18 4150 9052 9845 9702 3468 4888 969 9822 1166 8097 9006 11 1073 2990 1058 4902 4076 6131
17 6115 8484 9412 5090 2261 6048 8379 775 7466 4249 8444 3845 6974 9225 8153 6790 1446
18 3988 4208 6951 3602 830 3537 2473 7134 8780 2234 7754 5692 543 6423 9658 3266 4280 8810
6 5885 7325 374 9816 6397 6600
20 541 9347 8574 7236 7567 7434 7253 2304 4958 8560 4828 4714 2907 5380 4248 9378 153 6785 4626 1316
21 4143 4387 7546 9353 3502 5375 3290 2360 1455 2906 3394 3476 8901 9157 4651 4443 1435 7939 9194 4144 815
18 6228 9452 2782 3022 5187 6133 4696 1459 1799 1787 6253 7006 4768 7288 7588 9877 6928 7015
17 622 2838 2198 2031 9949 1355 1631 2368 7532 3790 2241 4654 7205 9462 6176 634 4619
8 1833 8020 4630 5626 2352 7759 1817 4906
18 6961 2538 4421 3375 7698 753 6814 9981 5622 649 4677 7334 9810 3436 1590 257 7552 7699
7 29 9473 4624 1399 8229 9682 4152
11 1664 5237 7248 9562 3116 7209 1023 6391 6846 201 1163
16 55 4781 3910 7196 8191 5045 2292 2315 808 852 2535 6578 8343 7260 7405 5525
12 9523 3575 7314 7097 4021 4256 1864 872 7566 7978 3437 2351
19 9216 4546 9282 4830 9457 4344 3623 286 2174 130 857 9838 3174 689 2024 8993 5420 914 34
14 9283 5743 6192 3816 3680 5291 5366 6359 6243 6904 6120 9987 8605 8565
17 4842 5358 6307 4807 9002 4450 553 4594 5534 1389 412 5140 7094 7708 2700 104 963
18 2576 1372 4164 3632 266 2799 559 6589 5962 6882 7474 9226 1198 1428 3767 7326 3508 6620
19 4346 8425 1030 6473 7668 6648 4713 5116 4871 1979 9694 6680 338 527 9988 3913 333 3511 5106
20 1888 699 3354 6021 7883 7840 6313 2706 4089 1338 7145 1539 8126 9103 4590 453 6773 1920 1749 6376
17 734 9996 5377 3220 6216 5913 886 8645 7830 2052 5486 518 1310 3962 4454 2311 7974
17 3149 5948 2626 7102 9042 4862 120 6832 1330 4114 21 6678 8775 9554 1342 42 9295
18 7119 6735 9815 6392 9819 8671 646 39 7271 8864 2910 395 1317 5532 3536 1291 4423 5506
10 4214 5359 5205 9349 9195 9644 4263 6375 1027 2685
13 7862 3092 8403 8652 353 3974 4159 1679 5040 9330 282 7538 6583
10 157 6329 2511 4048 9165 9073 1875 2621 8553 5098
8 2986 3758 8254 4411 9950 4518 239 3709
15 297 6740 3462 5602 2470 6580 8761 3434 8687 3211 4104 2125 2614 9671 4138
22 1978 8021 5535 1843 3036 3057 1902 1181 9357 2558 4532 6443 3761 7296 8261 618 4440 8906 8299 1125 4876 7543
18 3103 1630 4255 8991 2937 3940 4274 9228 1589 4561 1461 5268 8705 1834 6816 8325 2892 870
20 5341 6199 9469 4920 9951 1949 6570 4384 659 3895 6566 9724 816 7262 1383 2861 4978 9967 8360 5984
22 2912 4260 5996 718 6984 8831 7901 6893 3122 8800 5824 1752 2846 8502 4499 1681 4219 7394 4845 9547 1740 3521
18 3281 6110 697 8536 2235 208 2482 7041 4371 9812 5995 2184 8481 2218 2116 6298 1933 9755
13 5716 1860 730 6567 9419 1239 5405 9652 5907 777 8988 1688 4646
18 957 9137 5636 9109 2059 2732 6956 826 5844 1297 342 959 1736 5704 4549 731 1901 1622
17 6724 2899 7631 8133 5054 1281 7263 1937 7301 4353 1709 9908 3470 3893 7130 260 9748
22 445 3208 9012 3050 7685 2180 9199 1109 2045 4879 118 5219 2693 2933 6234 5785 9224 9331 9239 841 250 5796
17 3693 9544 41 2305 9579 1436 7604 1299 2760 9322 724 2765 433 2039 1566 1719 528
17 2020 726 482 977 572 8412 4617 7569 544 285 6806 3925 3907 1624 5384 3397 3283
17 8395 1593 7379 9130 8101 7048 1248 355 6963 2319 5042 5104 7024 4620 4000 3980 9111
16 2008 1984 6200 846 9832 8665 7988 636 3007 8963 6240 8748 2344 9092 4452 4754
7 8406 9852 3510 6634 5091 9934 9708
20 5598 5113 8832 4285 3566 9527 633 5170 2011 4969 3986 2281 1800 3593 740 5102 6552 4359 4565 1053
7 3030 945 3403 8464 354 4027 3404
18 3471 6558 1177 6842 2651 6512 9394 8617 8214 5101 7414 4675 4204 8177 2532 999 875 972
19 7141 8209 8573 7572 3795 8682 7548 9035 4119 1859 6333 7793 8326 3606 6625 5191 9894 6129 2522
20 8102 5654 4863 9345 376 6251 2362 1620 9896 9992 4892 202 8741 7009 9292 1345 6940 8359 2433 8954
20 8840 6747 9559 2425 6316 7174 4555 8938 674 5031 1716 8099 1199 8004 405 2431 8361 2903 9416 2545
17 585 4414 3779 2896 1465 6034 2831 6013 2453 5770 6868 8826 8976 78 361 125 8048
10 268 5034 4717 8523 281 5302 1981 3216 3316 4471
8 4495 7553 364 2675 1591 3145 6714 2294
14 1353 6658 442 9947 4376 6523 1487 8324 7513 9566 1069 4634 6515 8169
16 5406 9128 5771 1186 8529 8806 7729 3896 8820 2040 8511 4472 7630 7599 2237 4850
7 8342 2791 5554 4826 506 4887 1819
12 5649 9487 9948 8981 4247 4866 897 8072 4685 5247 4009 6527
14 7640 2123 4815 8653 6705 8742 5838 1583 7837 5550 2048 7407 2034 1339
19 1528 8055 9011 267 2409 3190 2480 2095 5356 2393 6800 8134 5094 4562 9397 2947 9718 195 9597
13 583 7210 6879 4798 3075 3547 3753 1914 6042 6679 7099 6590 9021
13 2941 902 8346 5816 3325 767 6737 1785 4096 6996 7365 9218 487
18 8204 6924 5307 5779 2696 7276 3315 8018 1008 3997 9881 8830 5523 7091 134 6020 5877 7966
10 3025 4959 6208 4520 2110 5004 836 261 8779 3560
17 1735 4511 212 2825 4986 8378 3531 883 138 3450 6548 1534 1042 6604 5093 7832 4234
19 5304 7704 3396 9804 5036 8597 2044 6971 7066 6268 8638 3210 4550 6059 991 3141 7735 4963 2913
11 4829 4558 949 3694 4111 5210 4060 2109 6540 8107 5793
15 741 7512 9543 5686 9620 8298 2673 4858 1220 8987 3673 8125 9056 6463 7853
10 5381 8848 3381 8909 5768 3501 126 434 8599 470
21 9979 8586 9869 5892 3112 6101 1511 1211 8486 2885 8691 8871 3561 1774 5559 4043 9643 2189 1854 8729 3935
20 8559 8459 5025 6220 7686 8854 9429 2857 3867 6297 3085 15 7525 5556 6939 9709 3686 2632 7273 8583
8 6321 9065 612 6728 6983 6102 53 2876
19 3743 8376 7372 2537 9511 5783 3366 141 7456 40 7843 6114 9368 8540 4747 8749 2340 9651 8824
12 9581 2512 4507 1873 9180 9647 382 4884 4787 1748 6591 9112
17 1269 2335 8915 856 7785 5169 3247 8798 6838 7305 93 5171 3241 276 8841 534 7875
13 6039 8419 4117 7749 2373 2636 9884 112 5600 5216 8656 2204 4974
11 8520 7082 4080 2212 2121 9919 5097 9630 3391 8076 5968
18 3457 2026 435 3972 1294 5082 5576 397 2898 1104 5630 3285 2151 6447 4591 5308 4032 5969
10 8728 4537 9385 7277 3054 4541 9044 6866 5052 5479
8 4687 9246 825 3058 8768 6969 5982 1822
15 3564 6493 2681 2783 6340 8546 8990 7415 4496 5670 894 6858 8931 7802 1068
20 580 6752 8382 8554 4245 2217 2209 3465 2054 1831 1715 8105 2596 7615 8593 3489 3568 1136 450 7960
19 6649 5990 5540 35 9538 4643 7535 546 8542 1259 30 2248 8814 3443 9085 8693 9152 1926 6014
19 61 2006 9078 780 1797 7663 5660 6279 8058 7727 9143 953 670 8291 1501 6522 5502 786 4289
15 4788 7451 2539 5711 6647 4636 1004 3811 1934 8551 2561 2478 3832 8495 9372
19 5161 9685 5748 951 9182 7479 7010 9963 9817 6915 9734 1424 866 714 916 7402 5956 8822 4681
7 6456 5818 5214 9485 9512 2660 399
12 8179 4437 8440 9251 1700 4916 6406 2504 3377 5032 1629 2445
23 6952 1651 6003 7312 9492 832 7386 1263 4355 9248 7234 5074 1639 2829 5163 8911 7259 1870 8811 4430 8476 5852 8971
14 7877 8435 1970 8219 1557 5069 5837 5861 5070 6179 6848 1810 1844 7871
11 7799 1192 9234 4543 6712 122 6459 6414 9212 184 1535
5 489 1090 1804 2573 6104
15 9207 1874 4481 1364 4784 215 7490 4701 3339 5364 256 4852 1743 116 9665
13 8184 2518 1415 3946 3421 7614 6223 3846 3772 3449 2851 3968 9929
18 8420 2436 9874 3445 3807 2900 3117 1160 6746 1348 3496 9155 4038 3154 4985 5475 9447 6802
16 8675 3138 1276 9757 164 607 1331 1725 6582 2557 2444 3137 6281 2299 877 2269
7 6424 5744 128 8521 8088 5481 5851
18 5245 3176 7243 2338 7232 6809 3949 9833 5684 7542 5519 6378 9110 1781 6778 6308 8165 738
6 6160 1973 1884 1947 4642 9287
6 7468 9846 2805 6226 9870 4762
19 1866 3160 6450 3475 7579 8785 9900 8485 7829 4653 9268 3710 698 3221 732 5482 1857 5367 8003
20 3692 7104 3786 3739 6398 2119 6066 1480 4800 3314 2766 6987 8027 6605 5801 7626 8049 859 964 2682
12 8578 601 105 7143 6808 484 1747 6047 26 6442 9456 3330
8 9121 9375 194 3595 6542 4789 6995 305
20 1993 5572 502 1252 7208 6026 660 8882 7811 821 8014 3505 5372 4667 2383 5154 3115 1075 3828 8672
17 3239 2788 332 2967 9118 9068 3326 8493 2156 6319 3328 1720 7707 2396 7265 2560 80
18 9901 8449 5507 6058 1102 5584 2745 178 4989 4449 2796 8598 4473 5767 5981 9943 5421 4100
18 7911 315 1223 210 2178 1746 3793 5809 1710 7045 2402 8064 4457 6171 3212 4878 5357 985
17 9411 864 1200 9680 3906 9761 7595 244 4699 2515 7080 5725 3463 4486 6772 6116 1000
13 1563 933 5400 8505 52 4921 3454 6779 5016 129 1371 1165 6738
12 4882 3951 1564 9549 2686 5371 7915 1499 9113 473 3161 7107
19 5902 6877 6536 7884 1496 2187 4213 5702 1476 2043 6910 7823 6290 7750 8755 6262 970 5320 3483
18 7229 3170 8207 7683 152 3038 7665 9265 74 3305 2246 5635 7004 6184 2244 171 7292 6478
17 4066 3384 3866 7874 4658 3778 9962 458 3157 9319 8819 4106 2153 1416 3130 8387 363
9 6965 3459 8309 6430 6305 9033 9466 2053 4809
21 610 8104 565 1723 2041 100 3636 9158 1862 1475 9077 5451 6106 9141 7627 6730 3416 9366 3262 6332 1164
20 7318 2106 248 9705 5627 8937 3784 97 584 5569 5301 9826 9879 5259 4890 8127 449 4621 1989 7661
11 2429 8699 3603 4410 5539 5495 9475 5437 2412 5023 9489
17 6633 328 8040 2497 984 8167 5847 8038 4167 4121 4264 2139 6833 4351 6205 6707 6686
12 2278 7575 1738 8136 2137 9593 4805 5233 9237 7461 3195 2447
18 2774 1852 4349 9735 3493 1182 993 9655 6163 5514 4767 7659 3269 7440 8074 9072 812 5419
19 9020 3196 1869 5732 5662 225 2385 9132 2477 6248 463 1470 4221 5092 1283 1818 6798 4276 9055
6 2418 6597 5072 6130 7886 9732
19 9291 4648 326 9613 1845 1349 6422 3770 5014 524 1584 3432 8624 5472 4682 1761 467 4715 9318
17 9626 842 3947 6069 2787 4171 921 379 5105 9000 8428 9436 278 1078 771 3446 8680
13 9187 1734 8157 417 3616 8194 5766 8804 9062 2072 7453 8307 5975
10 8509 271 3557 4297 9138 7043 2556 1429 1067 9384
21 4586 5856 6255 3585 6764 330 4485 6407 2667 5899 5465 4564 9001 4515 1842 3222 9183 8628 5068 9086 9914
6 4644 284 4497 294 7613 37
14 2327 2928 1527 6012 8796 2751 1912 9302 5117 1516 3101 9080 9348 803
11 4098 7846 7373 5351 3433 6399 2702 2972 1922 9917 7063
6 7227 6484 8415 1604 3379 8121
17 6694 9087 3426 8868 6538 9202 8116 252 2867 7339 1532 9624 1612 6201 4002 1626 3736
12 219 400 1640 9625 1529 2035 2078 9941 1217 4710 7177 3650
8 2176 8030 7547 3699 4217 8270 8689 7917
11 1815 8566 9830 6474 9872 595 9836 3930 2407 6190 3756
10 3008 499 1686 5076 4802 2737 9376 9083 2749 4560
12 5222 8713 9805 95 4938 7246 8951 6247 115 8869 5441 5862
17 8271 1689 5516 5477 3542 2207 8595 876 9388 8945 5394 9219 3948 1320 581 5258 5882
12 9670 9768 8784 7737 7464 4895 2959 7781 7018 547 9629 8200
13 2944 4833 419 6710 8989 2060 8188 2954 3622 4491 7508 1159 4597
6 6361 2736 6850 8855 9506 7969
7 3321 3435 6743 2923 243 8246 8081
8 3647 2171 4073 1050 9091 4804 5681 3061
17 8564 8426 9633 507 1365 9381 3609 6999 4456 8063 5005 4698 6574 6556 8247 6033 9866
9 7716 3124 5133 151 3494 6486 2634 4521 6431
20 113 5510 9030 3191 9751 9972 6698 5100 1257 9741 4211 9160 4625 3 887 6733 9470 5729 855 8161
17 6913 874 4228 4396 6119 5628 4503 6946 8028 3271 2439 4212 386 5002 2563 2567 2285
8 6607 6155 6338 3740 1381 8026 5529 9824
12 3168 8792 4107 2999 8876 7425 9019 9659 7944 6823 1945 3525
16 2313 5393 5425 950 1634 4063 5914 5221 8186 5155 3186 6617 9193 7549 213 973
13 1724 4352 8575 9505 7316 8401 387 7898 1592 6622 1668 2084 7025
12 5402 6851 5562 6967 1176 8799 6306 9023 3689 7352 1782 5524
17 6900 2426 4673 4666 5751 6989 9156 5835 8288 9687 5176 3340 9205 4092 7189 7328 2739
13 2507 5746 1218 4050 3583 942 159 444 4838 2042 1999 9828 7528
13 5343 6786 6836 5663 1601 9171 7856 3393 4278 4857 8659 1061 663
9 3667 3029 6265 9925 1016 2506 9867 4982 6286
20 554 9974 2495 6563 4372 6272 3482 2640 254 4105 76 2370 9778 5417 3201 6043 9250 7521 7797 3777
15 7088 6159 1313 8348 4139 871 4195 4552 4433 272 6203 4899 2452 5780 8920
15 8587 5721 4404 9497 896 4744 5764 9859 5462 3079 7077 3213 7904 3674 7581
18 6418 8073 69 1386 8079 4544 8555 8737 2075 7903 2191 1907 2341 8544 7510 1340 7098 4082
13 9698 8323 5017 5719 8995 4913 7068 6865 6596 3474 83 1037 9780
5 8698 1635 2718 3230 6289
17 6780 5112 4848 3199 1977 2852 9731 7769 2680 8603 2468 3722 3847 5313 3763 2148 1806
14 6767 9851 9631 5888 3398 4709 843 1197 7422 2179 7383 9026 2413 2552
5 6044 3202 2164 6945 5349
18 4056 7357 5887 3885 3370 7882 7746 3261 2809 5879 1791 6437 320 3293 7743 2644 4512 9431
7 2531 5487 5541 3938 5650 2591 6326
4 3410 5332 7110 6025
17 5881 4223 8198 935 1222 7364 1537 8243 6426 2568 8843 1656 4840 6602 4464 2197 7786
17 1879 3424 6125 596 6357 7732 2377 388 3859 2534 2309 1980 5379 4979 510 7962 3360
8 8086 1530 8351 3605 476 8494 1026 5639
12 8189 873 6089 3874 2622 2769 2945 8692 8067 1964 9079 2004
10 2828 2784 1267 1580 7492 6244 2665 6188 9377 2955
13 1794 1625 533 8085 761 8353 3904 1302 1193 6345 1368 7909 3331
8 7849 8629 4836 2464 403 2288 7587 5589
13 394 3104 9696 290 2250 5428 6009 2386 454 2397 6683 7809 5558
18 6269 3067 1221 2382 7994 4607 3451 1168 4347 4853 9720 1431 8767 9583 3473 4460 1072 7250
7 6843 9459 847 806 3484 6469 4529
